<?xml version="1.0" encoding="UTF-8"?>
<!-- Generated by org.testng.reporters.JUnitXMLReporter -->
<testsuite ignored="0" hostname="LAPTOP-UBQRN4Q2" failures="5" tests="12" name="TutorialsNinja Tests" time="74.916" errors="0" timestamp="2023-04-27T08:04:33 PDT">
  <testcase classname="com.ninja.qa.testcases.CreatAcountTest" name="verifyNinjaRegesterWithValideUsernameAndPassword" time="1.871"/>
  <testcase classname="com.ninja.qa.testcases.CreatAcountTest" name="VerifyRegisteringanAccountbyprovidingallthefields" time="1.77"/>
  <testcase classname="com.ninja.qa.testcases.CreatAcountTest" name="VerifyRegisteringanAccountbyprovidingtheexistingaccount" time="1.133">
    <failure type="java.lang.NullPointerException" message="Cannot invoke &amp;quot;java.lang.CharSequence.toString()&amp;quot; because &amp;quot;s&amp;quot; is null">
      <![CDATA[java.lang.NullPointerException: Cannot invoke "java.lang.CharSequence.toString()" because "s" is null
at java.base/java.lang.String.contains(String.java:2854)
at com.ninja.qa.testcases.CreatAcountTest.VerifyRegisteringanAccountbyprovidingtheexistingaccount(CreatAcountTest.java:86)
at java.base/java.util.ArrayList.forEach(ArrayList.java:1511)
... Removed 27 stack frames]]>
    </failure>
  </testcase> <!-- VerifyRegisteringanAccountbyprovidingtheexistingaccount -->
  <testcase classname="com.ninja.qa.testcases.CreatAcountTest" name="VerifyRegistereingAccountWithoutFillingAnyDetails" time="0.482">
    <failure type="org.openqa.selenium.InvalidSelectorException" message="invalid selector: Unable to locate an element with the xpath expression //div[contains(@class,&amp;apos;alert-dismissible&amp;apos;] because of the following error:
SyntaxError: Failed to execute &amp;apos;evaluate&amp;apos; on &amp;apos;Document&amp;apos;: The string &amp;apos;//div[contains(@class,&amp;apos;alert-dismissible&amp;apos;]&amp;apos; is not a valid XPath expression.
  (Session info: chrome=112.0.5615.138)
For documentation on this error, please visit: https://selenium.dev/exceptions/#invalid_selector_exception
Build info: version: &amp;apos;4.8.3&amp;apos;, revision: &amp;apos;e5e76298c3&amp;apos;
System info: os.name: &amp;apos;Windows 11&amp;apos;, os.arch: &amp;apos;amd64&amp;apos;, os.version: &amp;apos;10.0&amp;apos;, java.version: &amp;apos;17.0.5&amp;apos;
Driver info: org.openqa.selenium.chrome.ChromeDriver
Command: [040fc0cc7b6a372f698f2316f4117448, findElement {using=xpath, value=//div[contains(@class,&amp;apos;alert-dismissible&amp;apos;]}]
Capabilities {acceptInsecureCerts: false, browserName: chrome, browserVersion: 112.0.5615.138, chrome: {chromedriverVersion: 112.0.5615.49 (bd2a7bcb881c..., userDataDir: C:\Users\REZIKA~1\AppData\L...}, goog:chromeOptions: {debuggerAddress: localhost:51276}, networkConnectionEnabled: false, pageLoadStrategy: normal, platformName: WINDOWS, proxy: Proxy(), se:cdp: ws://localhost:51276/devtoo..., se:cdpVersion: 112.0.5615.138, setWindowRect: true, strictFileInteractability: false, timeouts: {implicit: 0, pageLoad: 300000, script: 30000}, unhandledPromptBehavior: dismiss and notify, webauthn:extension:credBlob: true, webauthn:extension:largeBlob: true, webauthn:extension:minPinLength: true, webauthn:extension:prf: true, webauthn:virtualAuthenticators: true}
Session ID: 040fc0cc7b6a372f698f2316f4117448">
      <![CDATA[org.openqa.selenium.InvalidSelectorException: invalid selector: Unable to locate an element with the xpath expression //div[contains(@class,'alert-dismissible'] because of the following error:
SyntaxError: Failed to execute 'evaluate' on 'Document': The string '//div[contains(@class,'alert-dismissible']' is not a valid XPath expression.
  (Session info: chrome=112.0.5615.138)
For documentation on this error, please visit: https://selenium.dev/exceptions/#invalid_selector_exception
Build info: version: '4.8.3', revision: 'e5e76298c3'
System info: os.name: 'Windows 11', os.arch: 'amd64', os.version: '10.0', java.version: '17.0.5'
Driver info: org.openqa.selenium.chrome.ChromeDriver
Command: [040fc0cc7b6a372f698f2316f4117448, findElement {using=xpath, value=//div[contains(@class,'alert-dismissible']}]
Capabilities {acceptInsecureCerts: false, browserName: chrome, browserVersion: 112.0.5615.138, chrome: {chromedriverVersion: 112.0.5615.49 (bd2a7bcb881c..., userDataDir: C:\Users\REZIKA~1\AppData\L...}, goog:chromeOptions: {debuggerAddress: localhost:51276}, networkConnectionEnabled: false, pageLoadStrategy: normal, platformName: WINDOWS, proxy: Proxy(), se:cdp: ws://localhost:51276/devtoo..., se:cdpVersion: 112.0.5615.138, setWindowRect: true, strictFileInteractability: false, timeouts: {implicit: 0, pageLoad: 300000, script: 30000}, unhandledPromptBehavior: dismiss and notify, webauthn:extension:credBlob: true, webauthn:extension:largeBlob: true, webauthn:extension:minPinLength: true, webauthn:extension:prf: true, webauthn:virtualAuthenticators: true}
Session ID: 040fc0cc7b6a372f698f2316f4117448
at org.openqa.selenium.remote.codec.w3c.W3CHttpResponseCodec.createException(W3CHttpResponseCodec.java:200)
at org.openqa.selenium.remote.codec.w3c.W3CHttpResponseCodec.decode(W3CHttpResponseCodec.java:133)
at org.openqa.selenium.remote.codec.w3c.W3CHttpResponseCodec.decode(W3CHttpResponseCodec.java:53)
at org.openqa.selenium.remote.HttpCommandExecutor.execute(HttpCommandExecutor.java:193)
at org.openqa.selenium.remote.service.DriverCommandExecutor.invokeExecute(DriverCommandExecutor.java:183)
at org.openqa.selenium.remote.service.DriverCommandExecutor.execute(DriverCommandExecutor.java:158)
at org.openqa.selenium.remote.RemoteWebDriver.execute(RemoteWebDriver.java:543)
at org.openqa.selenium.remote.ElementLocation$ElementFinder$2.findElement(ElementLocation.java:162)
at org.openqa.selenium.remote.ElementLocation.findElement(ElementLocation.java:60)
at org.openqa.selenium.remote.RemoteWebDriver.findElement(RemoteWebDriver.java:352)
at org.openqa.selenium.remote.RemoteWebDriver.findElement(RemoteWebDriver.java:344)
at com.ninja.qa.testcases.CreatAcountTest.VerifyRegistereingAccountWithoutFillingAnyDetails(CreatAcountTest.java:95)
at java.base/java.util.ArrayList.forEach(ArrayList.java:1511)
... Removed 32 stack frames]]>
    </failure>
  </testcase> <!-- VerifyRegistereingAccountWithoutFillingAnyDetails -->
  <testcase classname="com.ninja.qa.testcases.LoginTest" name="verifyNinjaLoginWithValideUsernameAndPassword" time="0.0">
    <skipped/>
  </testcase> <!-- verifyNinjaLoginWithValideUsernameAndPassword -->
  <testcase classname="com.ninja.qa.testcases.LoginTest" name="verifyNinjaLoginWithInvalideUsernameAndPassword" time="0.186">
    <failure type="java.lang.IllegalArgumentException" message="Keys to send should be a not null CharSequence">
      <![CDATA[java.lang.IllegalArgumentException: Keys to send should be a not null CharSequence
at org.openqa.selenium.remote.RemoteWebElement.sendKeys(RemoteWebElement.java:98)
at com.ninja.qa.testcases.LoginTest.verifyNinjaLoginWithInvalideUsernameAndPassword(LoginTest.java:53)
at java.base/java.util.ArrayList.forEach(ArrayList.java:1511)
... Removed 27 stack frames]]>
    </failure>
  </testcase> <!-- verifyNinjaLoginWithInvalideUsernameAndPassword -->
  <testcase classname="com.ninja.qa.testcases.LoginTest" name="verifyNinjaLoginWithValideUsernameAndInvalidePassword" time="0.665">
    <failure type="java.lang.NullPointerException" message="Cannot invoke &amp;quot;java.lang.CharSequence.toString()&amp;quot; because &amp;quot;s&amp;quot; is null">
      <![CDATA[java.lang.NullPointerException: Cannot invoke "java.lang.CharSequence.toString()" because "s" is null
at java.base/java.lang.String.contains(String.java:2854)
at com.ninja.qa.testcases.LoginTest.verifyNinjaLoginWithValideUsernameAndInvalidePassword(LoginTest.java:72)
at java.base/java.util.ArrayList.forEach(ArrayList.java:1511)
... Removed 27 stack frames]]>
    </failure>
  </testcase> <!-- verifyNinjaLoginWithValideUsernameAndInvalidePassword -->
  <testcase classname="com.ninja.qa.testcases.LoginTest" name="verifyNinjaLoginWithEmptyUsernameAndCorrectPassword" time="0.581">
    <failure type="java.lang.NullPointerException" message="Cannot invoke &amp;quot;java.lang.CharSequence.toString()&amp;quot; because &amp;quot;s&amp;quot; is null">
      <![CDATA[java.lang.NullPointerException: Cannot invoke "java.lang.CharSequence.toString()" because "s" is null
at java.base/java.lang.String.contains(String.java:2854)
at com.ninja.qa.testcases.LoginTest.verifyNinjaLoginWithEmptyUsernameAndCorrectPassword(LoginTest.java:84)
at java.base/java.util.ArrayList.forEach(ArrayList.java:1511)
... Removed 27 stack frames]]>
    </failure>
  </testcase> <!-- verifyNinjaLoginWithEmptyUsernameAndCorrectPassword -->
  <testcase classname="com.ninja.qa.testcases.LoginTest" name="verifyNinjaLoginWithValideUsernameAndEmptyPassword" time="0.663"/>
  <testcase classname="com.ninja.qa.testcases.Search" name="VerifySearchingWithanExistingProductName" time="0.738"/>
  <testcase classname="com.ninja.qa.testcases.Search" name="VerifysearchingwithanonexistingProductName" time="0.664"/>
  <testcase classname="com.ninja.qa.testcases.Search" name="VerifysearchingwithoutprovidinganyProductName" time="0.557"/>
</testsuite> <!-- TutorialsNinja Tests -->
